<?xml version="1.0" encoding="UTF-8"?>
<robot generator="Robot 3.2.2 (Python 3.9.1 on darwin)" generated="20210214 08:52:58.775" rpa="false">
<suite id="s1" name="Tests" source="/Users/marcosribeirohioka/Projetos/robot/web/tests">
<suite id="s1-s1" name="Checkbox" source="/Users/marcosribeirohioka/Projetos/robot/web/tests/checkbox.robot">
<test id="s1-s1-t1" name="Marcando opção com ID">
<kw name="Nova sessão" library="base" type="setup">
<kw name="Open Browser" library="SeleniumLibrary">
<doc>Opens a new browser instance to the optional ``url``.</doc>
<arguments>
<arg>${url}</arg>
<arg>chrome</arg>
</arguments>
<msg timestamp="20210214 08:52:59.024" level="INFO">Opening browser 'chrome' to base url 'https://training-wheels-protocol.herokuapp.com'.</msg>
<status status="PASS" starttime="20210214 08:52:59.024" endtime="20210214 08:53:04.272"></status>
</kw>
<status status="PASS" starttime="20210214 08:52:59.023" endtime="20210214 08:53:04.272"></status>
</kw>
<kw name="Go To" library="SeleniumLibrary">
<doc>Navigates the current browser window to the provided ``url``.</doc>
<arguments>
<arg>${url}/checkboxes</arg>
</arguments>
<msg timestamp="20210214 08:53:04.274" level="INFO">Opening url 'https://training-wheels-protocol.herokuapp.com/checkboxes'</msg>
<status status="PASS" starttime="20210214 08:53:04.273" endtime="20210214 08:53:04.542"></status>
</kw>
<kw name="Select Checkbox" library="SeleniumLibrary">
<doc>Selects the checkbox identified by ``locator``.</doc>
<arguments>
<arg>${check_thor}</arg>
</arguments>
<msg timestamp="20210214 08:53:04.543" level="INFO">Selecting checkbox 'id:thorteste'.</msg>
<kw name="Capture Page Screenshot" library="SeleniumLibrary">
<doc>Takes a screenshot of the current page and embeds it into a log file.</doc>
<msg timestamp="20210214 08:53:05.110" level="INFO" html="yes">&lt;/td&gt;&lt;/tr&gt;&lt;tr&gt;&lt;td colspan="3"&gt;&lt;a href="selenium-screenshot-11.png"&gt;&lt;img src="selenium-screenshot-11.png" width="800px"&gt;&lt;/a&gt;</msg>
<status status="PASS" starttime="20210214 08:53:04.558" endtime="20210214 08:53:05.110"></status>
</kw>
<msg timestamp="20210214 08:53:05.118" level="FAIL">Checkbox with locator 'id:thorteste' not found.</msg>
<status status="FAIL" starttime="20210214 08:53:04.543" endtime="20210214 08:53:05.118"></status>
</kw>
<kw name="Encerra sessão" library="base" type="teardown">
<kw name="Close Browser" library="SeleniumLibrary">
<doc>Closes the current browser.</doc>
<status status="PASS" starttime="20210214 08:53:05.119" endtime="20210214 08:53:05.215"></status>
</kw>
<status status="PASS" starttime="20210214 08:53:05.119" endtime="20210214 08:53:05.215"></status>
</kw>
<tags>
<tag>thor</tag>
</tags>
<status status="FAIL" starttime="20210214 08:52:59.022" endtime="20210214 08:53:05.215" critical="yes">Checkbox with locator 'id:thorteste' not found.</status>
</test>
<test id="s1-s1-t2" name="Marcando opção com CSS Selector">
<kw name="Nova sessão" library="base" type="setup">
<kw name="Open Browser" library="SeleniumLibrary">
<doc>Opens a new browser instance to the optional ``url``.</doc>
<arguments>
<arg>${url}</arg>
<arg>chrome</arg>
</arguments>
<msg timestamp="20210214 08:53:05.228" level="INFO">Opening browser 'chrome' to base url 'https://training-wheels-protocol.herokuapp.com'.</msg>
<status status="PASS" starttime="20210214 08:53:05.228" endtime="20210214 08:53:09.863"></status>
</kw>
<status status="PASS" starttime="20210214 08:53:05.227" endtime="20210214 08:53:09.863"></status>
</kw>
<kw name="Go To" library="SeleniumLibrary">
<doc>Navigates the current browser window to the provided ``url``.</doc>
<arguments>
<arg>${url}/checkboxes</arg>
</arguments>
<msg timestamp="20210214 08:53:09.864" level="INFO">Opening url 'https://training-wheels-protocol.herokuapp.com/checkboxes'</msg>
<status status="PASS" starttime="20210214 08:53:09.863" endtime="20210214 08:53:10.122"></status>
</kw>
<kw name="Select Checkbox" library="SeleniumLibrary">
<doc>Selects the checkbox identified by ``locator``.</doc>
<arguments>
<arg>${check_iron}</arg>
</arguments>
<msg timestamp="20210214 08:53:10.123" level="INFO">Selecting checkbox 'css:input[value='iron-man-teste']'.</msg>
<kw name="Capture Page Screenshot" library="SeleniumLibrary">
<doc>Takes a screenshot of the current page and embeds it into a log file.</doc>
<msg timestamp="20210214 08:53:10.667" level="INFO" html="yes">&lt;/td&gt;&lt;/tr&gt;&lt;tr&gt;&lt;td colspan="3"&gt;&lt;a href="selenium-screenshot-12.png"&gt;&lt;img src="selenium-screenshot-12.png" width="800px"&gt;&lt;/a&gt;</msg>
<status status="PASS" starttime="20210214 08:53:10.132" endtime="20210214 08:53:10.667"></status>
</kw>
<msg timestamp="20210214 08:53:10.667" level="FAIL">Checkbox with locator 'css:input[value='iron-man-teste']' not found.</msg>
<status status="FAIL" starttime="20210214 08:53:10.122" endtime="20210214 08:53:10.667"></status>
</kw>
<kw name="Encerra sessão" library="base" type="teardown">
<kw name="Close Browser" library="SeleniumLibrary">
<doc>Closes the current browser.</doc>
<status status="PASS" starttime="20210214 08:53:10.668" endtime="20210214 08:53:10.775"></status>
</kw>
<status status="PASS" starttime="20210214 08:53:10.668" endtime="20210214 08:53:10.775"></status>
</kw>
<tags>
<tag>ironman</tag>
</tags>
<status status="FAIL" starttime="20210214 08:53:05.227" endtime="20210214 08:53:10.775" critical="yes">Checkbox with locator 'css:input[value='iron-man-teste']' not found.</status>
</test>
<test id="s1-s1-t3" name="Marcando opção com Xpath">
<kw name="Nova sessão" library="base" type="setup">
<kw name="Open Browser" library="SeleniumLibrary">
<doc>Opens a new browser instance to the optional ``url``.</doc>
<arguments>
<arg>${url}</arg>
<arg>chrome</arg>
</arguments>
<msg timestamp="20210214 08:53:10.777" level="INFO">Opening browser 'chrome' to base url 'https://training-wheels-protocol.herokuapp.com'.</msg>
<status status="PASS" starttime="20210214 08:53:10.776" endtime="20210214 08:53:15.846"></status>
</kw>
<status status="PASS" starttime="20210214 08:53:10.776" endtime="20210214 08:53:15.846"></status>
</kw>
<kw name="Go To" library="SeleniumLibrary">
<doc>Navigates the current browser window to the provided ``url``.</doc>
<arguments>
<arg>${url}/checkboxes</arg>
</arguments>
<msg timestamp="20210214 08:53:15.847" level="INFO">Opening url 'https://training-wheels-protocol.herokuapp.com/checkboxes'</msg>
<status status="PASS" starttime="20210214 08:53:15.847" endtime="20210214 08:53:16.121"></status>
</kw>
<kw name="Select Checkbox" library="SeleniumLibrary">
<doc>Selects the checkbox identified by ``locator``.</doc>
<arguments>
<arg>${check_panther}</arg>
</arguments>
<msg timestamp="20210214 08:53:16.121" level="INFO">Selecting checkbox 'xpath://*[@id='checkboxes']/input[7teste]'.</msg>
<kw name="Capture Page Screenshot" library="SeleniumLibrary">
<doc>Takes a screenshot of the current page and embeds it into a log file.</doc>
<msg timestamp="20210214 08:53:16.672" level="INFO" html="yes">&lt;/td&gt;&lt;/tr&gt;&lt;tr&gt;&lt;td colspan="3"&gt;&lt;a href="selenium-screenshot-13.png"&gt;&lt;img src="selenium-screenshot-13.png" width="800px"&gt;&lt;/a&gt;</msg>
<status status="PASS" starttime="20210214 08:53:16.139" endtime="20210214 08:53:16.672"></status>
</kw>
<msg timestamp="20210214 08:53:16.675" level="FAIL">InvalidSelectorException: Message: invalid selector: Unable to locate an element with the xpath expression //*[@id='checkboxes']/input[7teste] because of the following error:
SyntaxError: Failed to execute 'evaluate' on 'Document': The string '//*[@id='checkboxes']/input[7teste]' is not a valid XPath expression.
  (Session info: chrome=88.0.4324.150)
</msg>
<status status="FAIL" starttime="20210214 08:53:16.121" endtime="20210214 08:53:16.675"></status>
</kw>
<kw name="Encerra sessão" library="base" type="teardown">
<kw name="Close Browser" library="SeleniumLibrary">
<doc>Closes the current browser.</doc>
<status status="PASS" starttime="20210214 08:53:16.676" endtime="20210214 08:53:16.771"></status>
</kw>
<status status="PASS" starttime="20210214 08:53:16.675" endtime="20210214 08:53:16.771"></status>
</kw>
<tags>
<tag>blackpanther</tag>
</tags>
<status status="FAIL" starttime="20210214 08:53:10.775" endtime="20210214 08:53:16.772" critical="yes">InvalidSelectorException: Message: invalid selector: Unable to locate an element with the xpath expression //*[@id='checkboxes']/input[7teste] because of the following error:
SyntaxError: Failed to execute 'evaluate' on 'Document': The string '//*[@id='checkboxes']/input[7teste]' is not a valid XPath expression.
  (Session info: chrome=88.0.4324.150)
</status>
</test>
<status status="FAIL" starttime="20210214 08:52:58.800" endtime="20210214 08:53:16.773"></status>
</suite>
<suite id="s1-s2" name="Title" source="/Users/marcosribeirohioka/Projetos/robot/web/tests/title.robot">
<test id="s1-s2-t1" name="Should See Page Title">
<kw name="Nova sessão" library="base" type="setup">
<kw name="Open Browser" library="SeleniumLibrary">
<doc>Opens a new browser instance to the optional ``url``.</doc>
<arguments>
<arg>${url}</arg>
<arg>chrome</arg>
</arguments>
<msg timestamp="20210214 08:53:16.781" level="INFO">Opening browser 'chrome' to base url 'https://training-wheels-protocol.herokuapp.com'.</msg>
<status status="PASS" starttime="20210214 08:53:16.781" endtime="20210214 08:53:21.520"></status>
</kw>
<status status="PASS" starttime="20210214 08:53:16.781" endtime="20210214 08:53:21.521"></status>
</kw>
<kw name="Title Should Be" library="SeleniumLibrary">
<doc>Verifies that the current page title equals ``title``.</doc>
<arguments>
<arg>Training Wheels Protocol teste</arg>
</arguments>
<kw name="Capture Page Screenshot" library="SeleniumLibrary">
<doc>Takes a screenshot of the current page and embeds it into a log file.</doc>
<msg timestamp="20210214 08:53:22.032" level="INFO" html="yes">&lt;/td&gt;&lt;/tr&gt;&lt;tr&gt;&lt;td colspan="3"&gt;&lt;a href="selenium-screenshot-14.png"&gt;&lt;img src="selenium-screenshot-14.png" width="800px"&gt;&lt;/a&gt;</msg>
<status status="PASS" starttime="20210214 08:53:21.527" endtime="20210214 08:53:22.032"></status>
</kw>
<msg timestamp="20210214 08:53:22.036" level="FAIL">Title should have been 'Training Wheels Protocol teste' but was 'Training Wheels Protocol'.</msg>
<status status="FAIL" starttime="20210214 08:53:21.521" endtime="20210214 08:53:22.036"></status>
</kw>
<kw name="Encerra sessão" library="base" type="teardown">
<kw name="Close Browser" library="SeleniumLibrary">
<doc>Closes the current browser.</doc>
<status status="PASS" starttime="20210214 08:53:22.037" endtime="20210214 08:53:22.131"></status>
</kw>
<status status="PASS" starttime="20210214 08:53:22.036" endtime="20210214 08:53:22.131"></status>
</kw>
<status status="FAIL" starttime="20210214 08:53:16.780" endtime="20210214 08:53:22.131" critical="yes">Title should have been 'Training Wheels Protocol teste' but was 'Training Wheels Protocol'.</status>
</test>
<status status="FAIL" starttime="20210214 08:53:16.776" endtime="20210214 08:53:22.132"></status>
</suite>
<status status="FAIL" starttime="20210214 08:52:58.776" endtime="20210214 08:53:22.134"></status>
</suite>
<statistics>
<total>
<stat pass="0" fail="4">Critical Tests</stat>
<stat pass="0" fail="4">All Tests</stat>
</total>
<tag>
<stat pass="0" fail="1">blackpanther</stat>
<stat pass="0" fail="1">ironman</stat>
<stat pass="0" fail="1">thor</stat>
</tag>
<suite>
<stat pass="0" fail="4" id="s1" name="Tests">Tests</stat>
<stat pass="0" fail="3" id="s1-s1" name="Checkbox">Tests.Checkbox</stat>
<stat pass="0" fail="1" id="s1-s2" name="Title">Tests.Title</stat>
</suite>
</statistics>
<errors>
</errors>
</robot>
